<?xml version="1.0" encoding="UTF-8"?>
<testng-results skipped="0" failed="0" ignored="0" total="1" passed="1">
  <reporter-output>
  </reporter-output>
  <suite name="Surefire suite" duration-ms="31312" started-at="2020-03-28T16:38:39Z" finished-at="2020-03-28T16:39:11Z">
    <groups>
    </groups>
    <test name="Surefire test" duration-ms="31312" started-at="2020-03-28T16:38:39Z" finished-at="2020-03-28T16:39:11Z">
      <class name="gmail.com.FirstTestCase">
        <test-method status="PASS" signature="case1()[pri:0, instance:gmail.com.FirstTestCase@12843fce]" name="case1" duration-ms="31272" started-at="2020-03-28T16:38:39Z" finished-at="2020-03-28T16:39:11Z">
          <reporter-output>
          </reporter-output>
        </test-method> <!-- case1 -->
      </class> <!-- gmail.com.FirstTestCase -->
    </test> <!-- Surefire test -->
  </suite> <!-- Surefire suite -->
</testng-results>
